Version: 1.0 => 1.1
[DEPLOY] Verifying Docker container...
[DEPLOY] Tagged latest version of project with version number
[DEPLOY] gcr.io/rainfall-estimation/rainfall-predictor:v1.1

============================================
|   Rainfall Estimation Deployment (GKE)   |
============================================

Creating cluster 'high-cpu-cluster-1' on Google's Kubernetes Environment...
NAME                LOCATION       MASTER_VERSION  MASTER_IP     MACHINE_TYPE  NODE_VERSION   NUM_NODES  STATUS
high-cpu-cluster-1  us-central1-a  1.14.3-gke.11   34.69.114.28  n1-highcpu-4  1.14.3-gke.11  1          RUNNING
Completed 'high-cpu-cluster-1' cluster creation.
Creating persistent storage volumes...
persistentvolumeclaim/rainfall-predictor-volclaim created
Success: kubectl apply -f /Users/gbpackers225/Development/lilfetz22/CapstoneProject1/scripts/rainfall-predictor-volumeclaim.yaml
Waiting for storage volumes to be bound to Compute Engine...
...
.
Completed 1 persistent storage volume creation.
Persistent Storage Volumes: 
NAME                          STATUS   VOLUME                                     CAPACITY   ACCESS MODES   STORAGECLASS   AGE
rainfall-predictor-volclaim   Bound    pvc-f279476a-e0b4-11e9-a6cc-42010a80022a   2Gi        RWO            standard       12s

GKE cluster create complete.

deployment.apps/rainfall-predictor created
App deployment initiated...
...
...
...
...
...
...
...
...
...
...
...
.
Verified all pods are running.
App deployment to GKE complete.


[DEPLOY] App Deployment completed in 22min, 45s.

